{"total": {"lines":{"total":47,"covered":11,"skipped":0,"pct":23.4},"statements":{"total":49,"covered":11,"skipped":0,"pct":22.45},"functions":{"total":12,"covered":1,"skipped":0,"pct":8.33},"branches":{"total":12,"covered":2,"skipped":0,"pct":16.67}}
,"/mnt/c/Users/vikto/Desktop/testproject/sutte-backend/src/app.ts": {"lines":{"total":8,"covered":0,"skipped":0,"pct":0},"functions":{"total":1,"covered":0,"skipped":0,"pct":0},"statements":{"total":9,"covered":0,"skipped":0,"pct":0},"branches":{"total":0,"covered":0,"skipped":0,"pct":100}}
,"/mnt/c/Users/vikto/Desktop/testproject/sutte-backend/src/db/suttedb.ts": {"lines":{"total":14,"covered":0,"skipped":0,"pct":0},"functions":{"total":5,"covered":0,"skipped":0,"pct":0},"statements":{"total":15,"covered":0,"skipped":0,"pct":0},"branches":{"total":4,"covered":0,"skipped":0,"pct":0}}
,"/mnt/c/Users/vikto/Desktop/testproject/sutte-backend/src/routes/auth.ts": {"lines":{"total":18,"covered":11,"skipped":0,"pct":61.11},"functions":{"total":4,"covered":1,"skipped":0,"pct":25},"statements":{"total":18,"covered":11,"skipped":0,"pct":61.11},"branches":{"total":8,"covered":2,"skipped":0,"pct":25}}
,"/mnt/c/Users/vikto/Desktop/testproject/sutte-backend/src/routes/main.ts": {"lines":{"total":7,"covered":0,"skipped":0,"pct":0},"functions":{"total":2,"covered":0,"skipped":0,"pct":0},"statements":{"total":7,"covered":0,"skipped":0,"pct":0},"branches":{"total":0,"covered":0,"skipped":0,"pct":100}}
}
